=C:\Users\Administrator\Desktop\project\Projects\Projects\new_projects\\backend\\.pydeps;C:\Users\Administrator\Desktop
\project\Projects\Projects\new_projects\\backend : 无法将“=C:\Users\Administrator\Desktop\project\Projects\Projects\ne
w_projects\\backend\\.pydeps;C:\Users\Administrator\Desktop\project\Projects\Projects\new_projects\\backend”项识别为 c
mdlet、函数、脚本文件或可运行程序的名称。请检查名称的拼写，如果包括路径，请确保路径正确，然后再试一次。
所在位置 行:1 字符: 1
+ ='C:\Users\Administrator\Desktop\project\Projects\Projects\new_projec ...
+ ~~~~~~~~~~~~~~~~~~~~~~~~~~~~~~~~~~~~~~~~~~~~~~~~~~~~~~~~~~~~~~~~~~~~~
    + CategoryInfo          : ObjectNotFound: (=C:\Users\Admin...ojects\\backend:String) [], CommandNotFoundException
    + FullyQualifiedErrorId : CommandNotFoundException
 
Traceback (most recent call last):
  File "D:\Anaconda\lib\runpy.py", line 196, in _run_module_as_main
    return _run_code(code, main_globals, None,
  File "D:\Anaconda\lib\runpy.py", line 86, in _run_code
    exec(code, run_globals)
  File "D:\Anaconda\lib\site-packages\uvicorn\__main__.py", line 4, in <module>
    uvicorn.main()
  File "D:\Anaconda\lib\site-packages\click\core.py", line 1161, in __call__
    return self.main(*args, **kwargs)
  File "D:\Anaconda\lib\site-packages\click\core.py", line 1082, in main
    rv = self.invoke(ctx)
  File "D:\Anaconda\lib\site-packages\click\core.py", line 1443, in invoke
    return ctx.invoke(self.callback, **ctx.params)
  File "D:\Anaconda\lib\site-packages\click\core.py", line 788, in invoke
    return __callback(*args, **kwargs)
  File "D:\Anaconda\lib\site-packages\uvicorn\main.py", line 413, in main
    run(
  File "D:\Anaconda\lib\site-packages\uvicorn\main.py", line 580, in run
    server.run()
  File "D:\Anaconda\lib\site-packages\uvicorn\server.py", line 66, in run
    return asyncio.run(self.serve(sockets=sockets))
  File "D:\Anaconda\lib\asyncio\runners.py", line 44, in run
    return loop.run_until_complete(main)
  File "D:\Anaconda\lib\asyncio\base_events.py", line 649, in run_until_complete
    return future.result()
  File "D:\Anaconda\lib\site-packages\uvicorn\server.py", line 70, in serve
    await self._serve(sockets)
  File "D:\Anaconda\lib\site-packages\uvicorn\server.py", line 77, in _serve
    config.load()
  File "D:\Anaconda\lib\site-packages\uvicorn\config.py", line 435, in load
    self.loaded_app = import_from_string(self.app)
  File "D:\Anaconda\lib\site-packages\uvicorn\importer.py", line 19, in import_from_string
    module = importlib.import_module(module_str)
  File "D:\Anaconda\lib\importlib\__init__.py", line 126, in import_module
    return _bootstrap._gcd_import(name[level:], package, level)
  File "<frozen importlib._bootstrap>", line 1050, in _gcd_import
  File "<frozen importlib._bootstrap>", line 1027, in _find_and_load
  File "<frozen importlib._bootstrap>", line 1006, in _find_and_load_unlocked
  File "<frozen importlib._bootstrap>", line 688, in _load_unlocked
  File "<frozen importlib._bootstrap_external>", line 883, in exec_module
  File "<frozen importlib._bootstrap>", line 241, in _call_with_frames_removed
  File "C:\Users\Administrator\Desktop\project\Projects\Projects\new_projects\backend\app\main.py", line 4, in <module>
    from .config import get_settings
  File "C:\Users\Administrator\Desktop\project\Projects\Projects\new_projects\backend\app\config.py", line 5, in <module>
    from pydantic_settings import BaseSettings, SettingsConfigDict
  File "D:\Anaconda\lib\site-packages\pydantic_settings\__init__.py", line 1, in <module>
    from .main import BaseSettings, CliApp, SettingsConfigDict
  File "D:\Anaconda\lib\site-packages\pydantic_settings\main.py", line 14, in <module>
    from .sources import (
  File "D:\Anaconda\lib\site-packages\pydantic_settings\sources\__init__.py", line 3, in <module>
    from .base import (
  File "D:\Anaconda\lib\site-packages\pydantic_settings\sources\base.py", line 22, in <module>
    from ..utils import _lenient_issubclass
ImportError: cannot import name '_lenient_issubclass' from 'pydantic_settings.utils' (D:\Anaconda\lib\site-packages\pydantic_settings\utils.py)
